  Sec2-1.cpp
C:\opencv-3.1.0\build\include\opencv2/core/mat.hpp(1965): warning C4819: ファイルは、現在のコード ページ (932) で表示できない文字を含んでいます。データの損失を防ぐために、ファイルを Unicode 形式で保存してください。
C:\opencv-3.1.0\build\include\opencv2/core/persistence.hpp : warning C4819: ファイルは、現在のコード ページ (932) で表示できない文字を含んでいます。データの損失を防ぐために、ファイルを Unicode 形式で保存してください。
C:\opencv-3.1.0\build\include\opencv2/core/utility.hpp : warning C4819: ファイルは、現在のコード ページ (932) で表示できない文字を含んでいます。データの損失を防ぐために、ファイルを Unicode 形式で保存してください。
C:\opencv-3.1.0\build\include\opencv2/core/utility.hpp : warning C4819: ファイルは、現在のコード ページ (932) で表示できない文字を含んでいます。データの損失を防ぐために、ファイルを Unicode 形式で保存してください。
Sec2-1.cpp(36): warning C4244: '=': 'float' から 'int' への変換です。データが失われる可能性があります。
Sec2-1.cpp(39): warning C4244: '=': 'float' から 'int' への変換です。データが失われる可能性があります。
Sec2-1.cpp(51): warning C4244: '=': 'float' から 'int' への変換です。データが失われる可能性があります。
Sec2-1.cpp(54): warning C4244: '=': 'float' から 'int' への変換です。データが失われる可能性があります。
Sec2-1.cpp(72): warning C4244: '+=': 'float' から 'int' への変換です。データが失われる可能性があります。
Sec2-1.cpp(86): warning C4244: '+=': 'float' から 'int' への変換です。データが失われる可能性があります。
  Sec2-3.cpp
C:\opencv-3.1.0\build\include\opencv2/core/mat.hpp(1965): warning C4819: ファイルは、現在のコード ページ (932) で表示できない文字を含んでいます。データの損失を防ぐために、ファイルを Unicode 形式で保存してください。
C:\opencv-3.1.0\build\include\opencv2/core/persistence.hpp : warning C4819: ファイルは、現在のコード ページ (932) で表示できない文字を含んでいます。データの損失を防ぐために、ファイルを Unicode 形式で保存してください。
C:\opencv-3.1.0\build\include\opencv2/core/utility.hpp : warning C4819: ファイルは、現在のコード ページ (932) で表示できない文字を含んでいます。データの損失を防ぐために、ファイルを Unicode 形式で保存してください。
C:\opencv-3.1.0\build\include\opencv2/core/utility.hpp : warning C4819: ファイルは、現在のコード ページ (932) で表示できない文字を含んでいます。データの損失を防ぐために、ファイルを Unicode 形式で保存してください。
Sec2-3.cpp(10): warning C4305: '初期化中': 'double' から 'float' へ切り詰めます。
Sec2-3.cpp(108): warning C4244: '初期化中': 'double' から 'int' への変換です。データが失われる可能性があります。
  main.cpp
C:\opencv-3.1.0\build\include\opencv2/core/mat.hpp(1965): warning C4819: ファイルは、現在のコード ページ (932) で表示できない文字を含んでいます。データの損失を防ぐために、ファイルを Unicode 形式で保存してください。
C:\opencv-3.1.0\build\include\opencv2/core/persistence.hpp : warning C4819: ファイルは、現在のコード ページ (932) で表示できない文字を含んでいます。データの損失を防ぐために、ファイルを Unicode 形式で保存してください。
C:\opencv-3.1.0\build\include\opencv2/core/utility.hpp : warning C4819: ファイルは、現在のコード ページ (932) で表示できない文字を含んでいます。データの損失を防ぐために、ファイルを Unicode 形式で保存してください。
C:\opencv-3.1.0\build\include\opencv2/core/utility.hpp : warning C4819: ファイルは、現在のコード ページ (932) で表示できない文字を含んでいます。データの損失を防ぐために、ファイルを Unicode 形式で保存してください。
  コード生成しています。
  11 of 209 functions ( 5.3%) were compiled, the rest were copied from previous compilation.
    1 functions were new in current compilation
    11 functions had inline decision re-evaluated but remain unchanged
  コード生成が終了しました。
  CCL with status.vcxproj -> C:\Users\LAB\Documents\Visual Studio 2015\Projects\OpenCV\CCL-with-status\x64\Release\CCL with status.exe
  CCL with status.vcxproj -> C:\Users\LAB\Documents\Visual Studio 2015\Projects\OpenCV\CCL-with-status\x64\Release\CCL with status.pdb (Full PDB)
